<?xml version="1.0" encoding="UTF-8"?>
<!-- Generated by org.testng.reporters.JUnitXMLReporter -->
<testsuite ignored="0" hostname="DESKTOP-B0D0J2Q" failures="0" tests="2" name="Negative Login Tests" time="15.108" errors="0" timestamp="2025-03-19T23:45:27 ICT">
  <testcase classname="com.practicetestautomation.tests.login.NegativeLoginTests" name="incorrectPasswordTest" time="6.414"/>
  <testcase classname="com.practicetestautomation.tests.login.NegativeLoginTests" name="incorrectUssernameTest" time="8.688"/>
</testsuite> <!-- Negative Login Tests -->
